  proj1.cpp
C:\Users\adam\source\repos\Project1\Project1\proj1.cpp(116,9): warning C4305: 'initializing': truncation from 'double' to '_Ty'
          with
          [
              _Ty=GLfloat
          ]
C:\Users\adam\source\repos\Project1\Project1\proj1.cpp(130,9): warning C4305: 'initializing': truncation from 'double' to '_Ty'
          with
          [
              _Ty=GLfloat
          ]
C:\Users\adam\source\repos\Project1\Project1\proj1.cpp(520,31): warning C4244: 'argument': conversion from 'double' to 'float', possible loss of data
C:\Users\adam\source\repos\Project1\Project1\proj1.cpp(528,17): warning C4244: '=': conversion from 'double' to 'float', possible loss of data
C:\Users\adam\source\repos\Project1\Project1\proj1.cpp(529,17): warning C4244: '=': conversion from 'double' to 'float', possible loss of data
C:\Users\adam\source\repos\Project1\Project1\proj1.cpp(533,19): warning C4244: 'initializing': conversion from 'double' to 'float', possible loss of data
C:\Users\adam\source\repos\Project1\Project1\proj1.cpp(534,19): warning C4244: 'initializing': conversion from 'double' to 'float', possible loss of data
C:\Users\adam\source\repos\Project1\Project1\proj1.cpp(536,13): warning C4244: '=': conversion from 'double' to 'float', possible loss of data
C:\Users\adam\source\repos\Project1\Project1\proj1.cpp(537,13): warning C4244: '=': conversion from 'double' to 'float', possible loss of data
LINK : warning LNK4098: defaultlib 'MSVCRT' conflicts with use of other libs; use /NODEFAULTLIB:library
  Project1.vcxproj -> C:\Users\adam\source\repos\Project1\Debug\Project1.exe
