c:\users\adam\source\repos\project1\project1\debug\vc142.pdb
c:\users\adam\source\repos\project1\project1\debug\vc142.idb
c:\users\adam\source\repos\project1\project1\debug\source.obj
c:\users\adam\source\repos\project1\project1\debug\textureclass.obj
c:\users\adam\source\repos\project1\project1\debug\systemclass.obj
c:\users\adam\source\repos\project1\project1\debug\openglclass.obj
c:\users\adam\source\repos\project1\project1\debug\modelclass.obj
c:\users\adam\source\repos\project1\project1\debug\main.obj
c:\users\adam\source\repos\project1\project1\debug\lightclass.obj
c:\users\adam\source\repos\project1\project1\debug\inputclass.obj
c:\users\adam\source\repos\project1\project1\debug\cameraclass.obj
c:\users\adam\source\repos\project1\project1\debug\e1_loadandprint.obj
c:\users\adam\source\repos\project1\project1\debug\obj_loader.obj
c:\users\adam\source\repos\project1\project1\debug\pyramid.obj
c:\users\adam\source\repos\project1\debug\project1.pdb
c:\users\adam\source\repos\project1\project1\debug\project1.tlog\cl.command.1.tlog
c:\users\adam\source\repos\project1\project1\debug\project1.tlog\cl.read.1.tlog
c:\users\adam\source\repos\project1\project1\debug\project1.tlog\cl.write.1.tlog
c:\users\adam\source\repos\project1\project1\debug\project1.tlog\link-cvtres.read.1.tlog
c:\users\adam\source\repos\project1\project1\debug\project1.tlog\link-cvtres.write.1.tlog
c:\users\adam\source\repos\project1\project1\debug\project1.tlog\link-rc.read.1.tlog
c:\users\adam\source\repos\project1\project1\debug\project1.tlog\link-rc.write.1.tlog
c:\users\adam\source\repos\project1\project1\debug\project1.tlog\link.14256-cvtres.read.1.tlog
c:\users\adam\source\repos\project1\project1\debug\project1.tlog\link.14256-cvtres.write.1.tlog
c:\users\adam\source\repos\project1\project1\debug\project1.tlog\link.14256-rc.read.1.tlog
c:\users\adam\source\repos\project1\project1\debug\project1.tlog\link.14256-rc.write.1.tlog
c:\users\adam\source\repos\project1\project1\debug\project1.tlog\link.14256.read.1.tlog
c:\users\adam\source\repos\project1\project1\debug\project1.tlog\link.14256.write.1.tlog
c:\users\adam\source\repos\project1\project1\debug\project1.tlog\link.command.1.tlog
c:\users\adam\source\repos\project1\project1\debug\project1.tlog\link.read.1.tlog
c:\users\adam\source\repos\project1\project1\debug\project1.tlog\link.write.1.tlog
